<?xml version="1.0" encoding="UTF-8"?>
<!-- Generated by org.testng.reporters.JUnitReportReporter -->
<testsuite skipped="0" hostname="DESKTOP-HFSM3VR" name="com.w2a.Testcase.Addcustomer" tests="1" failures="0" timestamp="26 Feb 2019 06:23:44 GMT" time="3.652" errors="0">
  <testcase name="addCust" time="3.652" classname="com.w2a.Testcase.Addcustomer"/>
</testsuite> <!-- com.w2a.Testcase.Addcustomer -->
