<?xml version="1.0" encoding="UTF-8"?>
<!-- Generated by org.testng.reporters.JUnitReportReporter -->
<testsuite skipped="0" hostname="DESKTOP-HFSM3VR" name="com.w2a.Testcase.OpenAccount" tests="1" failures="0" timestamp="2019-03-02T22:26:59 IST" time="2.919" errors="0">
  <testcase name="openaccount" time="2.919" classname="com.w2a.Testcase.OpenAccount"/>
</testsuite> <!-- com.w2a.Testcase.OpenAccount -->
