<?xml version="1.0" encoding="UTF-8"?>
<!-- Generated by org.testng.reporters.JUnitReportReporter -->
<testsuite skipped="1" hostname="DESKTOP-HFSM3VR" name="com.w2a.Testcase.Addcustomer" tests="3" failures="0" timestamp="2019-03-02T22:26:59 IST" time="13.537" errors="0">
  <testcase name="addCust" time="7.037" classname="com.w2a.Testcase.Addcustomer"/>
  <testcase name="addCust" time="0.004" classname="com.w2a.Testcase.Addcustomer">
    <skipped/>
  </testcase> <!-- addCust -->
  <testcase name="addCust" time="6.496" classname="com.w2a.Testcase.Addcustomer"/>
</testsuite> <!-- com.w2a.Testcase.Addcustomer -->
